<?xml version="1.0" encoding="UTF-8"?>
<!-- Generated by org.testng.reporters.JUnitReportReporter -->
<testsuite skipped="0" hostname="DESKTOP-J6M0BK6" name="runner.TestRunnerCucumber" tests="6" failures="0" timestamp="2022-05-22T12:21:25 CEST" time="99.467" errors="0">
  <testcase name="runScenario" time="9.488" classname="runner.TestRunnerCucumber"/>
  <system-out/>
  <testcase name="runScenario" time="22.359" classname="runner.TestRunnerCucumber"/>
  <system-out/>
  <testcase name="runScenario" time="8.259" classname="runner.TestRunnerCucumber"/>
  <system-out/>
  <testcase name="runScenario" time="20.698" classname="runner.TestRunnerCucumber"/>
  <system-out/>
  <testcase name="runScenario" time="27.479" classname="runner.TestRunnerCucumber"/>
  <system-out/>
  <testcase name="runScenario" time="11.184" classname="runner.TestRunnerCucumber"/>
  <system-out/>
</testsuite> <!-- runner.TestRunnerCucumber -->
