<?xml version="1.0" encoding="UTF-8"?>
<!-- Generated by org.testng.reporters.JUnitReportReporter -->
<testsuite skipped="0" hostname="DESKTOP-J6M0BK6" name="runner.TestRunnerCucumber" tests="4" failures="0" timestamp="2022-05-18T10:49:45 CEST" time="135.347" errors="0">
  <testcase name="runScenario" time="94.977" classname="runner.TestRunnerCucumber"/>
  <system-out/>
  <testcase name="runScenario" time="12.708" classname="runner.TestRunnerCucumber"/>
  <system-out/>
  <testcase name="runScenario" time="19.954" classname="runner.TestRunnerCucumber"/>
  <system-out/>
  <testcase name="runScenario" time="7.708" classname="runner.TestRunnerCucumber"/>
  <system-out/>
</testsuite> <!-- runner.TestRunnerCucumber -->
