<?xml version="1.0" encoding="UTF-8"?>
<!-- Generated by org.testng.reporters.JUnitReportReporter -->
<testsuite skipped="0" hostname="DESKTOP-J6M0BK6" name="runner.TestRunnerCucumber" tests="6" failures="0" timestamp="2022-05-22T12:48:18 CEST" time="95.535" errors="0">
  <testcase name="runScenario" time="9.883" classname="runner.TestRunnerCucumber"/>
  <system-out/>
  <testcase name="runScenario" time="8.524" classname="runner.TestRunnerCucumber"/>
  <system-out/>
  <testcase name="runScenario" time="24.427" classname="runner.TestRunnerCucumber"/>
  <system-out/>
  <testcase name="runScenario" time="19.883" classname="runner.TestRunnerCucumber"/>
  <system-out/>
  <testcase name="runScenario" time="10.295" classname="runner.TestRunnerCucumber"/>
  <system-out/>
  <testcase name="runScenario" time="22.523" classname="runner.TestRunnerCucumber"/>
  <system-out/>
</testsuite> <!-- runner.TestRunnerCucumber -->
